<?xml version="1.0" encoding="UTF-8" ?>
<testsuite failures="0" time="0.578" errors="0" skipped="0" tests="11" name="com.assignment.FileUndoManager.impl.UndoManagerTest">
  <properties>
    <property name="java.runtime.name" value="Java(TM) SE Runtime Environment"/>
    <property name="sun.boot.library.path" value="C:\Program Files\Java\jdk1.6.0_45\jre\bin"/>
    <property name="java.vm.version" value="20.45-b01"/>
    <property name="java.vm.vendor" value="Sun Microsystems Inc."/>
    <property name="java.vendor.url" value="http://java.sun.com/"/>
    <property name="path.separator" value=";"/>
    <property name="guice.disable.misplaced.annotation.check" value="true"/>
    <property name="java.vm.name" value="Java HotSpot(TM) 64-Bit Server VM"/>
    <property name="file.encoding.pkg" value="sun.io"/>
    <property name="user.country" value="GB"/>
    <property name="sun.java.launcher" value="SUN_STANDARD"/>
    <property name="sun.os.patch.level" value="Service Pack 1"/>
    <property name="java.vm.specification.name" value="Java Virtual Machine Specification"/>
    <property name="user.dir" value="C:\Lipika\Per_Workspace\FileUndoManager"/>
    <property name="java.runtime.version" value="1.6.0_45-b06"/>
    <property name="java.awt.graphicsenv" value="sun.awt.Win32GraphicsEnvironment"/>
    <property name="java.endorsed.dirs" value="C:\Program Files\Java\jdk1.6.0_45\jre\lib\endorsed"/>
    <property name="os.arch" value="amd64"/>
    <property name="java.io.tmpdir" value="C:\Users\971199\AppData\Local\Temp\"/>
    <property name="line.separator" value="
"/>
    <property name="java.vm.specification.vendor" value="Sun Microsystems Inc."/>
    <property name="user.variant" value=""/>
    <property name="os.name" value="Windows 7"/>
    <property name="classworlds.conf" value="C:\Lipika\Per_Workspace\.metadata\.plugins\org.eclipse.m2e.launching\launches\m2conf608047077678644817.tmp"/>
    <property name="sun.jnu.encoding" value="Cp1252"/>
    <property name="java.library.path" value="C:\Program Files\Java\jdk1.6.0_45\bin;C:\WINDOWS\Sun\Java\bin;C:\WINDOWS\system32;C:\WINDOWS;C:/Program Files (x86)/Java/jre7/bin/client;C:/Program Files (x86)/Java/jre7/bin;C:/Program Files (x86)/Java/jre7/lib/i386;C:\WINDOWS\system32;C:\WINDOWS;C:\WINDOWS\System32\Wbem;C:\WINDOWS\System32\WindowsPowerShell\v1.0\;C:\WINDOWS\System32\WindowsPowerShell\v1.0\;C:\Program Files (x86)\Enterprise Vault\EVClient\;C:\Program Files\Java\jdk1.6.0_45\bin\;c:\Program Files (x86)\Microsoft SQL Server\100\Tools\Binn\;c:\Program Files (x86)\Microsoft SQL Server\100\DTS\Binn\;c:\Program Files (x86)\Microsoft SQL Server\100\Tools\Binn\VSShell\Common7\IDE\;C:\PROGRA~2\Groovy\GROOVY~1.3\bin;C:\Program Files\Java\jdk1.6.0_45\bin;C:\Maven\apache-maven-3.3.3\bin;C:\POC\spring-tool-suite-3.4.0.RELEASE-e4.3.1-win32\springsource\sts-3.4.0.RELEASE;;."/>
    <property name="java.specification.name" value="Java Platform API Specification"/>
    <property name="java.class.version" value="50.0"/>
    <property name="sun.management.compiler" value="HotSpot 64-Bit Tiered Compilers"/>
    <property name="os.version" value="6.1"/>
    <property name="user.home" value="C:\Users\971199"/>
    <property name="user.timezone" value="Europe/London"/>
    <property name="java.awt.printerjob" value="sun.awt.windows.WPrinterJob"/>
    <property name="file.encoding" value="Cp1252"/>
    <property name="java.specification.version" value="1.6"/>
    <property name="user.name" value="971199"/>
    <property name="java.class.path" value="/C:/POC/spring-tool-suite-3.4.0.RELEASE-e4.3.1-win32/springsource/sts-3.4.0.RELEASE/configuration/org.eclipse.osgi/bundles/578/1/.cp/jars/plexus-classworlds-2.4.jar"/>
    <property name="java.vm.specification.version" value="1.0"/>
    <property name="sun.arch.data.model" value="64"/>
    <property name="java.home" value="C:\Program Files\Java\jdk1.6.0_45\jre"/>
    <property name="sun.java.command" value="org.codehaus.plexus.classworlds.launcher.Launcher -B -s C:\Users\971199\.m2\settings.xml install"/>
    <property name="java.specification.vendor" value="Sun Microsystems Inc."/>
    <property name="user.language" value="en"/>
    <property name="awt.toolkit" value="sun.awt.windows.WToolkit"/>
    <property name="java.vm.info" value="mixed mode"/>
    <property name="java.version" value="1.6.0_45"/>
    <property name="java.ext.dirs" value="C:\Program Files\Java\jdk1.6.0_45\jre\lib\ext;C:\WINDOWS\Sun\Java\lib\ext"/>
    <property name="sun.boot.class.path" value="C:\Program Files\Java\jdk1.6.0_45\jre\lib\resources.jar;C:\Program Files\Java\jdk1.6.0_45\jre\lib\rt.jar;C:\Program Files\Java\jdk1.6.0_45\jre\lib\sunrsasign.jar;C:\Program Files\Java\jdk1.6.0_45\jre\lib\jsse.jar;C:\Program Files\Java\jdk1.6.0_45\jre\lib\jce.jar;C:\Program Files\Java\jdk1.6.0_45\jre\lib\charsets.jar;C:\Program Files\Java\jdk1.6.0_45\jre\lib\modules\jdk.boot.jar;C:\Program Files\Java\jdk1.6.0_45\jre\classes"/>
    <property name="java.vendor" value="Sun Microsystems Inc."/>
    <property name="maven.home" value="C:\Lipika\Per_Workspace\FileUndoManager\EMBEDDED"/>
    <property name="file.separator" value="\"/>
    <property name="java.vendor.url.bug" value="http://java.sun.com/cgi-bin/bugreport.cgi"/>
    <property name="maven.bootclasspath" value="/C:/POC/spring-tool-suite-3.4.0.RELEASE-e4.3.1-win32/springsource/sts-3.4.0.RELEASE/configuration/org.eclipse.osgi/bundles/578/1/.cp/jars/plexus-classworlds-2.4.jar"/>
    <property name="sun.cpu.endian" value="little"/>
    <property name="sun.io.unicode.encoding" value="UnicodeLittle"/>
    <property name="sun.desktop" value="windows"/>
    <property name="sun.cpu.isalist" value="amd64"/>
  </properties>
  <testcase time="0.391" classname="com.assignment.FileUndoManager.impl.UndoManagerTest" name="undoManagerReDoPassTest"/>
  <testcase time="0" classname="com.assignment.FileUndoManager.impl.UndoManagerTest" name="setDotFailTest"/>
  <testcase time="0" classname="com.assignment.FileUndoManager.impl.UndoManagerTest" name="documentDeleteStringByPositionTestFail"/>
  <testcase time="0" classname="com.assignment.FileUndoManager.impl.UndoManagerTest" name="documentDeleteStringByPositionTestPass"/>
  <testcase time="0.015" classname="com.assignment.FileUndoManager.impl.UndoManagerTest" name="setDotPassTest"/>
  <testcase time="0" classname="com.assignment.FileUndoManager.impl.UndoManagerTest" name="undoManagerUnDoPassTest"/>
  <testcase time="0" classname="com.assignment.FileUndoManager.impl.UndoManagerTest" name="undoManagerCanRedoPassTest"/>
  <testcase time="0" classname="com.assignment.FileUndoManager.impl.UndoManagerTest" name="documentInsertStringByPositionFail"/>
  <testcase time="0.016" classname="com.assignment.FileUndoManager.impl.UndoManagerTest" name="documentInsertStringByPositionPass"/>
  <testcase time="0" classname="com.assignment.FileUndoManager.impl.UndoManagerTest" name="UndoManagerFactoryTest"/>
  <testcase time="0" classname="com.assignment.FileUndoManager.impl.UndoManagerTest" name="undoManagerCanUndoPassTest"/>
</testsuite>